/opt/anaconda3/lib/python3.9/site-packages/pydantic/_internal/_fields.py:184: UserWarning: Field name "json" shadows an attribute in parent "BaseModel"; 
  warnings.warn(
/opt/anaconda3/lib/python3.9/site-packages/pydantic/_internal/_fields.py:184: UserWarning: Field name "schema" shadows an attribute in parent "Format"; 
  warnings.warn(
/opt/anaconda3/lib/python3.9/site-packages/pydantic/_internal/_fields.py:184: UserWarning: Field name "json" shadows an attribute in parent "Document"; 
  warnings.warn(
Fetching ALL CMU courses for Fall 2025 (max: ALL)...
Scanning 7 department catalogs...
Note: Only CS (15-XXX) has working detail pages. Other depts use catalog data.

  [School of Computer Science] Extracting from catalog page...
    Found 701 course codes

  [College of Engineering] Extracting from catalog page...
    Found 21 course codes

  [Dietrich College] Extracting from catalog page...
    Found 58 course codes

  [Mellon College of Science] Extracting from catalog page...
    Found 12 course codes

  [College of Fine Arts] Extracting from catalog page...
    Found 28 course codes

  [Heinz College] Extracting from catalog page...
    Found 136 course codes

  [Tepper School of Business] Extracting from catalog page...
    Found 22 course codes

✓ Total course codes found: 978
✓ After deduplication: 962 unique courses
  [1/962] Processing 08-200... ✓ (basic)
  [2/962] Processing 08-722... ✓ (basic)
  [3/962] Processing 08-671... ✓ (basic)
  [4/962] Processing 07-070... ✓ (basic)
  [5/962] Processing 07-090... ✓ (basic)
  [6/962] Processing 07-120... ✓ (basic)
  [7/962] Processing 15-112... ✓ (detail)
  [8/962] Processing 07-128... ✓ (basic)
  [9/962] Processing 07-129... ✓ (basic)
  [10/962] Processing 07-131... ✓ (basic)
  [11/962] Processing 07-135... ✓ (basic)
  [12/962] Processing 07-180... ✓ (basic)
  [13/962] Processing 15-122... ✓ (detail)
  [14/962] Processing 07-280... ✓ (basic)
  [15/962] Processing 21-254... ✓ (basic)
  [16/962] Processing 21-240... ✓ (basic)
  [17/962] Processing 21-241... ✓ (basic)
  [18/962] Processing 18-202... ✓ (basic)
  [19/962] Processing 21-127... ✓ (basic)
  [20/962] Processing 15-151... ✓ (basic)
  [21/962] Processing 21-128... ✓ (basic)
  [22/962] Processing 07-300... ✓ (basic)
  [23/962] Processing 76-101... ✓ (basic)
  [24/962] Processing 76-102... ✓ (basic)
  [25/962] Processing 76-107... ✓ (basic)
  [26/962] Processing 76-106... ✓ (basic)
  [27/962] Processing 76-108... ✓ (basic)
  [28/962] Processing 07-380... ✓ (basic)
  [29/962] Processing 07-400... ✓ (basic)
  [30/962] Processing 15-300... ✓ (basic)
  [31/962] Processing 07-402... ✓ (basic)
  [32/962] Processing 07-590... ✓ (basic)
  [33/962] Processing 07-599... ✓ (basic)
  [34/962] Processing 07-690... ✓ (basic)
  [35/962] Processing 02-112... ✓ (basic)
  [36/962] Processing 02-120... ✓ (basic)
  [37/962] Processing 02-135... ✓ (basic)
  [38/962] Processing 02-180... ✓ (basic)
  [39/962] Processing 02-201... ✓ (basic)
  [40/962] Processing 02-181... ✓ (basic)
  [41/962] Processing 02-218... ✓ (basic)
  [42/962] Processing 02-518... ✓ (basic)
  [43/962] Processing 02-223... ✓ (basic)
  [44/962] Processing 02-250... ✓ (basic)
  [45/962] Processing 03-250... ✓ (basic)
  [46/962] Processing 15-110... ✓ (basic)
  [47/962] Processing 03-151... ✓ (basic)
  [48/962] Processing 03-121... ✓ (basic)
  [49/962] Processing 03-131... ✓ (basic)
  [50/962] Processing 02-251... ✓ (basic)
  [51/962] Processing 02-261... ✓ (basic)
  [52/962] Processing 02-262... ✓ (basic)
  [53/962] Processing 03-117... ✓ (basic)
  [54/962] Processing 03-124... ✓ (basic)
  [55/962] Processing 03-343... ✓ (basic)
  [56/962] Processing 02-317... ✓ (basic)
  [57/962] Processing 15-251... ✓ (basic)
  [58/962] Processing 15-210... ✓ (basic)
  [59/962] Processing 02-319... ✓ (basic)
  [60/962] Processing 03-220... ✓ (basic)
  [61/962] Processing 03-221... ✓ (basic)
  [62/962] Processing 15-121... ✓ (basic)
  [63/962] Processing 02-331... ✓ (basic)
  [64/962] Processing 21-325... ✓ (basic)
  [65/962] Processing 36-218... ✓ (basic)
  [66/962] Processing 36-225... ✓ (basic)
  [67/962] Processing 15-259... ✓ (basic)
  [68/962] Processing 02-402... ✓ (basic)
  [69/962] Processing 02-403... ✓ (basic)
  [70/962] Processing 02-414... ✓ (basic)
  [71/962] Processing 15-127... ✓ (basic)
  [72/962] Processing 02-421... ✓ (basic)
  [73/962] Processing 02-425... ✓ (basic)
  [74/962] Processing 02-604... ✓ (basic)
  [75/962] Processing 02-450... ✓ (basic)
  [76/962] Processing 10-701... ✓ (basic)
  [77/962] Processing 10-315... ✓ (basic)
  [78/962] Processing 02-499... ✓ (basic)
  [79/962] Processing 02-500... ✓ (basic)
  [80/962] Processing 02-510... ✓ (basic)
  [81/962] Processing 36-235... ✓ (basic)
  [82/962] Processing 02-512... ✓ (basic)
  [83/962] Processing 36-217... ✓ (basic)
  [84/962] Processing 36-219... ✓ (basic)
  [85/962] Processing 21-242... ✓ (basic)
  [86/962] Processing 21-122... ✓ (basic)
  [87/962] Processing 21-124... ✓ (basic)
  [88/962] Processing 02-514... ✓ (basic)
  [89/962] Processing 02-515... ✓ (basic)
  [90/962] Processing 02-530... ✓ (basic)
  [91/962] Processing 33-121... ✓ (basic)
  [92/962] Processing 03-231... ✓ (basic)
  [93/962] Processing 03-232... ✓ (basic)
  [94/962] Processing 21-112... ✓ (basic)
  [95/962] Processing 09-105... ✓ (basic)
  [96/962] Processing 02-540... ✓ (basic)
  [97/962] Processing 10-601... ✓ (basic)
  [98/962] Processing 10-301... ✓ (basic)
  [99/962] Processing 02-620... ✓ (basic)
  [100/962] Processing 02-541... ✓ (basic)
  [101/962] Processing 11-685... ✓ (basic)
  [102/962] Processing 11-785... ✓ (basic)
  [103/962] Processing 02-542... ✓ (basic)
  [104/962] Processing 02-543... ✓ (basic)
  [105/962] Processing 02-544... ✓ (basic)
  [106/962] Processing 36-226... ✓ (basic)
  [107/962] Processing 02-680... ✓ (basic)
  [108/962] Processing 15-260... ✓ (basic)
  [109/962] Processing 36-236... ✓ (basic)
  [110/962] Processing 02-601... ✓ (basic)
  [111/962] Processing 02-602... ✓ (basic)
  [112/962] Processing 02-605... ✓ (basic)
  [113/962] Processing 02-613... ✓ (basic)
  [114/962] Processing 15-651... ✓ (basic)
  [115/962] Processing 02-614... ✓ (basic)
  [116/962] Processing 02-651... ✓ (basic)
  [117/962] Processing 11-695... ✓ (basic)
  [118/962] Processing 02-654... ✓ (basic)
  [119/962] Processing 02-710... ✓ (basic)
  [120/962] Processing 02-750... ✓ (basic)
  [121/962] Processing 02-699... ✓ (basic)
  [122/962] Processing 02-700... ✓ (basic)
  [123/962] Processing 02-702... ✓ (basic)
  [124/962] Processing 02-703... ✓ (basic)
  [125/962] Processing 02-704... ✓ (basic)
  [126/962] Processing 02-711... ✓ (basic)
  [127/962] Processing 02-712... ✓ (basic)
  [128/962] Processing 02-714... ✓ (basic)
  [129/962] Processing 02-715... ✓ (basic)
  [130/962] Processing 02-717... ✓ (basic)
  [131/962] Processing 02-718... ✓ (basic)
  [132/962] Processing 10-401... ✓ (basic)
  [133/962] Processing 02-719... ✓ (basic)
  [134/962] Processing 02-720... ✓ (basic)
  [135/962] Processing 02-721... ✓ (basic)
  [136/962] Processing 02-725... ✓ (basic)
  [137/962] Processing 02-730... ✓ (basic)
  [138/962] Processing 02-731... ✓ (basic)
  [139/962] Processing 02-735... ✓ (basic)
  [140/962] Processing 02-740... ✓ (basic)
  [141/962] Processing 02-760... ✓ (basic)
  [142/962] Processing 02-761... ✓ (basic)
  [143/962] Processing 02-762... ✓ (basic)
  [144/962] Processing 02-764... ✓ (basic)
  [145/962] Processing 02-763... ✓ (basic)
  [146/962] Processing 02-798... ✓ (basic)
  [147/962] Processing 15-050... ✓ (basic)
  [148/962] Processing 15-090... ✓ (basic)
  [149/962] Processing 15-104... ✓ (basic)
  [150/962] Processing 15-213... ✓ (basic)
  [151/962] Processing 15-131... ✓ (basic)
  [152/962] Processing 15-150... ✓ (basic)
  [153/962] Processing 21-120... ✓ (basic)
  [154/962] Processing 15-182... ✓ (basic)
  [155/962] Processing 15-195... ✓ (basic)
  [156/962] Processing 15-295... ✓ (basic)
  [157/962] Processing 15-513... ✓ (basic)
  [158/962] Processing 21-266... ✓ (basic)
  [159/962] Processing 21-268... ✓ (basic)
  [160/962] Processing 21-259... ✓ (basic)
  [161/962] Processing 16-211... ✓ (basic)
  [162/962] Processing 15-281... ✓ (basic)
  [163/962] Processing 15-282... ✓ (basic)
  [164/962] Processing 15-288... ✓ (basic)
  [165/962] Processing 15-292... ✓ (basic)
  [166/962] Processing 15-294... ✓ (basic)
  [167/962] Processing 15-311... ✓ (basic)
  [168/962] Processing 15-312... ✓ (basic)
  [169/962] Processing 21-228... ✓ (basic)
  [170/962] Processing 15-316... ✓ (basic)
  [171/962] Processing 15-317... ✓ (basic)
  [172/962] Processing 15-319... ✓ (basic)
  [173/962] Processing 15-322... ✓ (basic)
  [174/962] Processing 15-326... ✓ (basic)
  [175/962] Processing 80-210... ✓ (basic)
  [176/962] Processing 80-211... ✓ (basic)
  [177/962] Processing 15-327... ✓ (basic)
  [178/962] Processing 21-269... ✓ (basic)
  [179/962] Processing 21-256... ✓ (basic)
  [180/962] Processing 18-465... ✓ (basic)
  [181/962] Processing 15-330... ✓ (basic)
  [182/962] Processing 18-330... ✓ (basic)
  [183/962] Processing 15-346... ✓ (basic)
  [184/962] Processing 15-348... ✓ (basic)
  [185/962] Processing 15-351... ✓ (basic)
  [186/962] Processing 15-354... ✓ (basic)
  [187/962] Processing 15-355... ✓ (basic)
  [188/962] Processing 15-356... ✓ (basic)
  [189/962] Processing 15-359... ✓ (basic)
  [190/962] Processing 15-362... ✓ (basic)
  [191/962] Processing 15-367... ✓ (basic)
  [192/962] Processing 15-369... ✓ (basic)
  [193/962] Processing 15-382... ✓ (basic)
  [194/962] Processing 15-386... ✓ (basic)
  [195/962] Processing 15-387... ✓ (basic)
  [196/962] Processing 15-388... ✓ (basic)
  [197/962] Processing 15-390... ✓ (basic)
  [198/962] Processing 15-394... ✓ (basic)
  [199/962] Processing 15-410... ✓ (basic)
  [200/962] Processing 15-441... ✓ (basic)
  [201/962] Processing 15-411... ✓ (basic)
  [202/962] Processing 15-418... ✓ (basic)
  [203/962] Processing 18-447... ✓ (basic)
  [204/962] Processing 15-445... ✓ (basic)
  [205/962] Processing 15-440... ✓ (basic)
  [206/962] Processing 15-412... ✓ (basic)
  [207/962] Processing 15-413... ✓ (basic)
  [208/962] Processing 15-414... ✓ (basic)
  [209/962] Processing 15-415... ✓ (basic)
  [210/962] Processing 15-417... ✓ (basic)
  [211/962] Processing 15-423... ✓ (basic)
  [212/962] Processing 36-625... ✓ (basic)
  [213/962] Processing 15-435... ✓ (basic)
  [214/962] Processing 15-635... ✓ (basic)
  [215/962] Processing 15-442... ✓ (basic)
  [216/962] Processing 11-485... ✓ (basic)
  [217/962] Processing 18-213... ✓ (basic)
  [218/962] Processing 18-600... ✓ (basic)
  [219/962] Processing 15-451... ✓ (basic)
  [220/962] Processing 15-455... ✓ (basic)
  [221/962] Processing 15-457... ✓ (basic)
  [222/962] Processing 15-458... ✓ (basic)
  [223/962] Processing 21-341... ✓ (basic)
  [224/962] Processing 15-459... ✓ (basic)
  [225/962] Processing 33-341... ✓ (basic)
  [226/962] Processing 15-463... ✓ (basic)
  [227/962] Processing 15-662... ✓ (basic)
  [228/962] Processing 15-468... ✓ (basic)
  [229/962] Processing 15-868... ✓ (basic)
  [230/962] Processing 18-793... ✓ (basic)
  [231/962] Processing 15-462... ✓ (basic)
  [232/962] Processing 16-385... ✓ (basic)
  [233/962] Processing 16-720... ✓ (basic)
  [234/962] Processing 16-820... ✓ (basic)
  [235/962] Processing 18-453... ✓ (basic)
  [236/962] Processing 15-668... ✓ (basic)
  [237/962] Processing 15-464... ✓ (basic)
  [238/962] Processing 15-466... ✓ (basic)
  [239/962] Processing 15-469... ✓ (basic)
  [240/962] Processing 15-472... ✓ (basic)
  [241/962] Processing 15-473... ✓ (basic)
  [242/962] Processing 15-482... ✓ (basic)
  [243/962] Processing 15-488... ✓ (basic)
  [244/962] Processing 15-494... ✓ (basic)
  [245/962] Processing 15-495... ✓ (basic)
  [246/962] Processing 15-503... ✓ (basic)
  [247/962] Processing 15-591... ✓ (basic)
  [248/962] Processing 15-592... ✓ (basic)
  [249/962] Processing 15-593... ✓ (basic)
  [250/962] Processing 15-594... ✓ (basic)
  [251/962] Processing 15-599... ✓ (basic)
  [252/962] Processing 15-627... ✓ (basic)
  [253/962] Processing 15-642... ✓ (basic)
  [254/962] Processing 15-653... ✓ (basic)
  [255/962] Processing 15-657... ✓ (basic)
  [256/962] Processing 15-212... ✓ (basic)
  [257/962] Processing 15-658... ✓ (basic)
  [258/962] Processing 15-862... ✓ (basic)
  [259/962] Processing 15-663... ✓ (basic)
  [260/962] Processing 15-669... ✓ (basic)
  [261/962] Processing 15-705... ✓ (basic)
  [262/962] Processing 15-712... ✓ (basic)
  [263/962] Processing 15-713... ✓ (basic)
  [264/962] Processing 15-714... ✓ (basic)
  [265/962] Processing 15-719... ✓ (basic)
  [266/962] Processing 15-721... ✓ (basic)
  [267/962] Processing 15-745... ✓ (basic)
  [268/962] Processing 15-746... ✓ (basic)
  [269/962] Processing 14-513... ✓ (basic)
  [270/962] Processing 18-613... ✓ (basic)
  [271/962] Processing 15-749... ✓ (basic)
  [272/962] Processing 15-750... ✓ (basic)
  [273/962] Processing 15-751... ✓ (basic)
  [274/962] Processing 15-754... ✓ (basic)
  [275/962] Processing 15-756... ✓ (basic)
  [276/962] Processing 15-759... ✓ (basic)
  [277/962] Processing 15-763... ✓ (basic)
  [278/962] Processing 15-768... ✓ (basic)
  [279/962] Processing 15-779... ✓ (basic)
  [280/962] Processing 15-783... ✓ (basic)
  [281/962] Processing 15-798... ✓ (basic)
  [282/962] Processing 15-814... ✓ (basic)
  [283/962] Processing 15-816... ✓ (basic)
  [284/962] Processing 15-819... ✓ (basic)
  [285/962] Processing 15-821... ✓ (basic)
  [286/962] Processing 15-826... ✓ (basic)
  [287/962] Processing 15-853... ✓ (basic)
  [288/962] Processing 15-856... ✓ (basic)
  [289/962] Processing 15-857... ✓ (basic)
  [290/962] Processing 15-859... ✓ (basic)
  [291/962] Processing 15-883... ✓ (basic)
  [292/962] Processing 15-888... ✓ (basic)
  [293/962] Processing 15-890... ✓ (basic)
  [294/962] Processing 05-090... ✓ (basic)
  [295/962] Processing 05-180... ✓ (basic)
  [296/962] Processing 05-200... ✓ (basic)
  [297/962] Processing 05-291... ✓ (basic)
  [298/962] Processing 05-292... ✓ (basic)
  [299/962] Processing 05-315... ✓ (basic)
  [300/962] Processing 05-317... ✓ (basic)
  [301/962] Processing 05-318... ✓ (basic)
  [302/962] Processing 05-319... ✓ (basic)
  [303/962] Processing 05-320... ✓ (basic)
  [304/962] Processing 05-332... ✓ (basic)
  [305/962] Processing 05-333... ✓ (basic)
  [306/962] Processing 05-341... ✓ (basic)
  [307/962] Processing 05-360... ✓ (basic)
  [308/962] Processing 05-361... ✓ (basic)
  [309/962] Processing 05-660... ✓ (basic)
  [310/962] Processing 05-651... ✓ (basic)
  [311/962] Processing 05-392... ✓ (basic)
  [312/962] Processing 05-362... ✓ (basic)
  [313/962] Processing 05-380... ✓ (basic)
  [314/962] Processing 05-391... ✓ (basic)
  [315/962] Processing 05-395... ✓ (basic)
  [316/962] Processing 05-410... ✓ (basic)
  [317/962] Processing 51-422... ✓ (basic)
  [318/962] Processing 05-430... ✓ (basic)
  [319/962] Processing 05-431... ✓ (basic)
  [320/962] Processing 85-408... ✓ (basic)
  [321/962] Processing 85-213... ✓ (basic)
  [322/962] Processing 85-241... ✓ (basic)
  [323/962] Processing 85-211... ✓ (basic)
  [324/962] Processing 85-421... ✓ (basic)
  [325/962] Processing 85-370... ✓ (basic)
  [326/962] Processing 88-120... ✓ (basic)
  [327/962] Processing 85-251... ✓ (basic)
  [328/962] Processing 05-413... ✓ (basic)
  [329/962] Processing 05-418... ✓ (basic)
  [330/962] Processing 05-631... ✓ (basic)
  [331/962] Processing 15-214... ✓ (basic)
  [332/962] Processing 17-214... ✓ (basic)
  [333/962] Processing 17-514... ✓ (basic)
  [334/962] Processing 17-437... ✓ (basic)
  [335/962] Processing 05-432... ✓ (basic)
  [336/962] Processing 05-434... ✓ (basic)
  [337/962] Processing 05-834... ✓ (basic)
  [338/962] Processing 11-663... ✓ (basic)
  [339/962] Processing 11-344... ✓ (basic)
  [340/962] Processing 05-435... ✓ (basic)
  [341/962] Processing 05-436... ✓ (basic)
  [342/962] Processing 08-734... ✓ (basic)
  [343/962] Processing 08-534... ✓ (basic)
  [344/962] Processing 05-440... ✓ (basic)
  [345/962] Processing 05-452... ✓ (basic)
  [346/962] Processing 05-470... ✓ (basic)
  [347/962] Processing 05-499... ✓ (basic)
  [348/962] Processing 05-540... ✓ (basic)
  [349/962] Processing 05-571... ✓ (basic)
  [350/962] Processing 05-610... ✓ (basic)
  [351/962] Processing 05-630... ✓ (basic)
  [352/962] Processing 05-589... ✓ (basic)
  [353/962] Processing 05-600... ✓ (basic)
  [354/962] Processing 05-602... ✓ (basic)
  [355/962] Processing 05-615... ✓ (basic)
  [356/962] Processing 05-618... ✓ (basic)
  [357/962] Processing 05-619... ✓ (basic)
  [358/962] Processing 05-632... ✓ (basic)
  [359/962] Processing 05-661... ✓ (basic)
  [360/962] Processing 05-692... ✓ (basic)
  [361/962] Processing 05-662... ✓ (basic)
  [362/962] Processing 05-670... ✓ (basic)
  [363/962] Processing 05-674... ✓ (basic)
  [364/962] Processing 05-680... ✓ (basic)
  [365/962] Processing 05-685... ✓ (basic)
  [366/962] Processing 05-738... ✓ (basic)
  [367/962] Processing 05-823... ✓ (basic)
  [368/962] Processing 05-839... ✓ (basic)
  [369/962] Processing 05-840... ✓ (basic)
  [370/962] Processing 17-200... ✓ (basic)
  [371/962] Processing 17-209... ✓ (basic)
  [372/962] Processing 17-210... ✓ (basic)
  [373/962] Processing 17-213... ✓ (basic)
  [374/962] Processing 17-224... ✓ (basic)
  [375/962] Processing 17-301... ✓ (basic)
  [376/962] Processing 17-302... ✓ (basic)
  [377/962] Processing 17-303... ✓ (basic)
  [378/962] Processing 17-313... ✓ (basic)
  [379/962] Processing 17-314... ✓ (basic)
  [380/962] Processing 17-316... ✓ (basic)
  [381/962] Processing 17-320... ✓ (basic)
  [382/962] Processing 17-322... ✓ (basic)
  [383/962] Processing 17-323... ✓ (basic)
  [384/962] Processing 17-324... ✓ (basic)
  [385/962] Processing 17-331... ✓ (basic)
  [386/962] Processing 17-332... ✓ (basic)
  [387/962] Processing 17-333... ✓ (basic)
  [388/962] Processing 19-608... ✓ (basic)
  [389/962] Processing 95-818... ✓ (basic)
  [390/962] Processing 17-334... ✓ (basic)
  [391/962] Processing 17-335... ✓ (basic)
  [392/962] Processing 17-336... ✓ (basic)
  [393/962] Processing 17-338... ✓ (basic)
  [394/962] Processing 17-340... ✓ (basic)
  [395/962] Processing 08-340... ✓ (basic)
  [396/962] Processing 17-346... ✓ (basic)
  [397/962] Processing 17-350... ✓ (basic)
  [398/962] Processing 17-351... ✓ (basic)
  [399/962] Processing 17-355... ✓ (basic)
  [400/962] Processing 17-356... ✓ (basic)
  [401/962] Processing 17-363... ✓ (basic)
  [402/962] Processing 17-380... ✓ (basic)
  [403/962] Processing 17-396... ✓ (basic)
  [404/962] Processing 17-397... ✓ (basic)
  [405/962] Processing 17-400... ✓ (basic)
  [406/962] Processing 15-211... ✓ (basic)
  [407/962] Processing 17-401... ✓ (basic)
  [408/962] Processing 17-402... ✓ (basic)
  [409/962] Processing 17-403... ✓ (basic)
  [410/962] Processing 17-405... ✓ (basic)
  [411/962] Processing 17-413... ✓ (basic)
  [412/962] Processing 17-415... ✓ (basic)
  [413/962] Processing 17-416... ✓ (basic)
  [414/962] Processing 17-422... ✓ (basic)
  [415/962] Processing 17-722... ✓ (basic)
  [416/962] Processing 17-423... ✓ (basic)
  [417/962] Processing 17-425... ✓ (basic)
  [418/962] Processing 17-427... ✓ (basic)
  [419/962] Processing 17-428... ✓ (basic)
  [420/962] Processing 17-435... ✓ (basic)
  [421/962] Processing 17-442... ✓ (basic)
  [422/962] Processing 17-443... ✓ (basic)
  [423/962] Processing 17-445... ✓ (basic)
  [424/962] Processing 17-446... ✓ (basic)
  [425/962] Processing 17-450... ✓ (basic)
  [426/962] Processing 95-898... ✓ (basic)
  [427/962] Processing 17-470... ✓ (basic)
  [428/962] Processing 15-611... ✓ (basic)
  [429/962] Processing 17-480... ✓ (basic)
  [430/962] Processing 17-509... ✓ (basic)
  [431/962] Processing 17-536... ✓ (basic)
  [432/962] Processing 17-537... ✓ (basic)
  [433/962] Processing 17-562... ✓ (basic)
  [434/962] Processing 17-599... ✓ (basic)
  [435/962] Processing 17-612... ✓ (basic)
  [436/962] Processing 17-619... ✓ (basic)
  [437/962] Processing 17-692... ✓ (basic)
  [438/962] Processing 17-621... ✓ (basic)
  [439/962] Processing 17-624... ✓ (basic)
  [440/962] Processing 17-614... ✓ (basic)
  [441/962] Processing 17-626... ✓ (basic)
  [442/962] Processing 17-627... ✓ (basic)
  [443/962] Processing 17-634... ✓ (basic)
  [444/962] Processing 17-640... ✓ (basic)
  [445/962] Processing 17-644... ✓ (basic)
  [446/962] Processing 17-651... ✓ (basic)
  [447/962] Processing 17-654... ✓ (basic)
  [448/962] Processing 17-754... ✓ (basic)
  [449/962] Processing 17-663... ✓ (basic)
  [450/962] Processing 17-670... ✓ (basic)
  [451/962] Processing 17-680... ✓ (basic)
  [452/962] Processing 17-685... ✓ (basic)
  [453/962] Processing 17-691... ✓ (basic)
  [454/962] Processing 17-702... ✓ (basic)
  [455/962] Processing 17-712... ✓ (basic)
  [456/962] Processing 17-731... ✓ (basic)
  [457/962] Processing 18-665... ✓ (basic)
  [458/962] Processing 17-733... ✓ (basic)
  [459/962] Processing 08-733... ✓ (basic)
  [460/962] Processing 17-735... ✓ (basic)
  [461/962] Processing 17-740... ✓ (basic)
  [462/962] Processing 17-756... ✓ (basic)
  [463/962] Processing 17-801... ✓ (basic)
  [464/962] Processing 17-821... ✓ (basic)
  [465/962] Processing 17-880... ✓ (basic)
  [466/962] Processing 11-291... ✓ (basic)
  [467/962] Processing 11-324... ✓ (basic)
  [468/962] Processing 11-345... ✓ (basic)
  [469/962] Processing 11-364... ✓ (basic)
  [470/962] Processing 11-390... ✓ (basic)
  [471/962] Processing 11-411... ✓ (basic)
  [472/962] Processing 11-422... ✓ (basic)
  [473/962] Processing 11-423... ✓ (basic)
  [474/962] Processing 11-823... ✓ (basic)
  [475/962] Processing 11-424... ✓ (basic)
  [476/962] Processing 11-611... ✓ (basic)
  [477/962] Processing 11-711... ✓ (basic)
  [478/962] Processing 11-430... ✓ (basic)
  [479/962] Processing 11-439... ✓ (basic)
  [480/962] Processing 17-662... ✓ (basic)
  [481/962] Processing 17-762... ✓ (basic)
  [482/962] Processing 19-473... ✓ (basic)
  [483/962] Processing 19-673... ✓ (basic)
  [484/962] Processing 11-441... ✓ (basic)
  [485/962] Processing 11-442... ✓ (basic)
  [486/962] Processing 11-642... ✓ (basic)
  [487/962] Processing 11-481... ✓ (basic)
  [488/962] Processing 11-488... ✓ (basic)
  [489/962] Processing 11-490... ✓ (basic)
  [490/962] Processing 11-492... ✓ (basic)
  [491/962] Processing 11-546... ✓ (basic)
  [492/962] Processing 11-590... ✓ (basic)
  [493/962] Processing 11-603... ✓ (basic)
  [494/962] Processing 11-624... ✓ (basic)
  [495/962] Processing 11-630... ✓ (basic)
  [496/962] Processing 11-639... ✓ (basic)
  [497/962] Processing 11-646... ✓ (basic)
  [498/962] Processing 11-661... ✓ (basic)
  [499/962] Processing 11-664... ✓ (basic)
  [500/962] Processing 10-715... ✓ (basic)
  [501/962] Processing 11-667... ✓ (basic)
  [502/962] Processing 11-696... ✓ (basic)
  [503/962] Processing 11-697... ✓ (basic)
  [504/962] Processing 11-797... ✓ (basic)
  [505/962] Processing 11-705... ✓ (basic)
  [506/962] Processing 11-716... ✓ (basic)
  [507/962] Processing 11-721... ✓ (basic)
  [508/962] Processing 11-722... ✓ (basic)
  [509/962] Processing 11-724... ✓ (basic)
  [510/962] Processing 11-731... ✓ (basic)
  [511/962] Processing 11-737... ✓ (basic)
  [512/962] Processing 11-739... ✓ (basic)
  [513/962] Processing 11-741... ✓ (basic)
  [514/962] Processing 11-747... ✓ (basic)
  [515/962] Processing 11-751... ✓ (basic)
  [516/962] Processing 11-752... ✓ (basic)
  [517/962] Processing 11-755... ✓ (basic)
  [518/962] Processing 11-761... ✓ (basic)
  [519/962] Processing 11-762... ✓ (basic)
  [520/962] Processing 15-681... ✓ (basic)
  [521/962] Processing 15-781... ✓ (basic)
  [522/962] Processing 11-746... ✓ (basic)
  [523/962] Processing 11-763... ✓ (basic)
  [524/962] Processing 11-776... ✓ (basic)
  [525/962] Processing 11-777... ✓ (basic)
  [526/962] Processing 11-641... ✓ (basic)
  [527/962] Processing 11-781... ✓ (basic)
  [528/962] Processing 11-792... ✓ (basic)
  [529/962] Processing 11-791... ✓ (basic)
  [530/962] Processing 15-393... ✓ (basic)
  [531/962] Processing 11-801... ✓ (basic)
  [532/962] Processing 11-811... ✓ (basic)
  [533/962] Processing 11-824... ✓ (basic)
  [534/962] Processing 11-851... ✓ (basic)
  [535/962] Processing 11-868... ✓ (basic)
  [536/962] Processing 11-877... ✓ (basic)
  [537/962] Processing 11-891... ✓ (basic)
  [538/962] Processing 11-927... ✓ (basic)
  [539/962] Processing 36-220... ✓ (basic)
  [540/962] Processing 10-335... ✓ (basic)
  [541/962] Processing 10-403... ✓ (basic)
  [542/962] Processing 10-405... ✓ (basic)
  [543/962] Processing 10-414... ✓ (basic)
  [544/962] Processing 10-417... ✓ (basic)
  [545/962] Processing 10-418... ✓ (basic)
  [546/962] Processing 10-618... ✓ (basic)
  [547/962] Processing 10-422... ✓ (basic)
  [548/962] Processing 10-423... ✓ (basic)
  [549/962] Processing 10-424... ✓ (basic)
  [550/962] Processing 10-425... ✓ (basic)
  [551/962] Processing 10-500... ✓ (basic)
  [552/962] Processing 10-520... ✓ (basic)
  [553/962] Processing 10-600... ✓ (basic)
  [554/962] Processing 10-606... ✓ (basic)
  [555/962] Processing 10-607... ✓ (basic)
  [556/962] Processing 10-605... ✓ (basic)
  [557/962] Processing 10-608... ✓ (basic)
  [558/962] Processing 10-613... ✓ (basic)
  [559/962] Processing 10-617... ✓ (basic)
  [560/962] Processing 10-623... ✓ (basic)
  [561/962] Processing 10-625... ✓ (basic)
  [562/962] Processing 10-643... ✓ (basic)
  [563/962] Processing 10-723... ✓ (basic)
  [564/962] Processing 10-702... ✓ (basic)
  [565/962] Processing 36-705... ✓ (basic)
  [566/962] Processing 10-705... ✓ (basic)
  [567/962] Processing 10-703... ✓ (basic)
  [568/962] Processing 10-707... ✓ (basic)
  [569/962] Processing 10-708... ✓ (basic)
  [570/962] Processing 10-714... ✓ (basic)
  [571/962] Processing 10-716... ✓ (basic)
  [572/962] Processing 36-700... ✓ (basic)
  [573/962] Processing 10-725... ✓ (basic)
  [574/962] Processing 21-671... ✓ (basic)
  [575/962] Processing 10-735... ✓ (basic)
  [576/962] Processing 10-737... ✓ (basic)
  [577/962] Processing 10-743... ✓ (basic)
  [578/962] Processing 10-745... ✓ (basic)
  [579/962] Processing 10-777... ✓ (basic)
  [580/962] Processing 10-799... ✓ (basic)
  [581/962] Processing 10-805... ✓ (basic)
  [582/962] Processing 10-806... ✓ (basic)
  [583/962] Processing 10-807... ✓ (basic)
  [584/962] Processing 10-822... ✓ (basic)
  [585/962] Processing 10-830... ✓ (basic)
  [586/962] Processing 10-831... ✓ (basic)
  [587/962] Processing 90-921... ✓ (basic)
  [588/962] Processing 90-866... ✓ (basic)
  [589/962] Processing 90-904... ✓ (basic)
  [590/962] Processing 16-090... ✓ (basic)
  [591/962] Processing 16-161... ✓ (basic)
  [592/962] Processing 16-170... ✓ (basic)
  [593/962] Processing 16-180... ✓ (basic)
  [594/962] Processing 16-220... ✓ (basic)
  [595/962] Processing 16-223... ✓ (basic)
  [596/962] Processing 16-224... ✓ (basic)
  [597/962] Processing 16-235... ✓ (basic)
  [598/962] Processing 16-264... ✓ (basic)
  [599/962] Processing 16-280... ✓ (basic)
  [600/962] Processing 16-299... ✓ (basic)
  [601/962] Processing 16-311... ✓ (basic)
  [602/962] Processing 24-311... ✓ (basic)
  [603/962] Processing 21-260... ✓ (basic)
  [604/962] Processing 16-322... ✓ (basic)
  [605/962] Processing 16-350... ✓ (basic)
  [606/962] Processing 16-362... ✓ (basic)
  [607/962] Processing 16-371... ✓ (basic)
  [608/962] Processing 62-150... ✓ (basic)
  [609/962] Processing 60-223... ✓ (basic)
  [610/962] Processing 18-090... ✓ (basic)
  [611/962] Processing 16-374... ✓ (basic)
  [612/962] Processing 16-375... ✓ (basic)
  [613/962] Processing 99-361... ✓ (basic)
  [614/962] Processing 60-212... ✓ (basic)
  [615/962] Processing 60-210... ✓ (basic)
  [616/962] Processing 16-376... ✓ (basic)
  [617/962] Processing 16-384... ✓ (basic)
  [618/962] Processing 24-282... ✓ (basic)
  [619/962] Processing 16-397... ✓ (basic)
  [620/962] Processing 16-421... ✓ (basic)
  [621/962] Processing 21-111... ✓ (basic)
  [622/962] Processing 16-423... ✓ (basic)
  [623/962] Processing 16-425... ✓ (basic)
  [624/962] Processing 16-725... ✓ (basic)
  [625/962] Processing 16-441... ✓ (basic)
  [626/962] Processing 16-450... ✓ (basic)
  [627/962] Processing 16-474... ✓ (basic)
  [628/962] Processing 24-451... ✓ (basic)
  [629/962] Processing 18-370... ✓ (basic)
  [630/962] Processing 16-455... ✓ (basic)
  [631/962] Processing 16-456... ✓ (basic)
  [632/962] Processing 16-457... ✓ (basic)
  [633/962] Processing 16-461... ✓ (basic)
  [634/962] Processing 60-422... ✓ (basic)
  [635/962] Processing 15-365... ✓ (basic)
  [636/962] Processing 16-465... ✓ (basic)
  [637/962] Processing 16-467... ✓ (basic)
  [638/962] Processing 16-469... ✓ (basic)
  [639/962] Processing 16-480... ✓ (basic)
  [640/962] Processing 16-595... ✓ (basic)
  [641/962] Processing 16-597... ✓ (basic)
  [642/962] Processing 16-621... ✓ (basic)
  [643/962] Processing 16-622... ✓ (basic)
  [644/962] Processing 16-623... ✓ (basic)
  [645/962] Processing 16-627... ✓ (basic)
  [646/962] Processing 16-633... ✓ (basic)
  [647/962] Processing 16-639... ✓ (basic)
  [648/962] Processing 16-663... ✓ (basic)
  [649/962] Processing 16-664... ✓ (basic)
  [650/962] Processing 16-665... ✓ (basic)
  [651/962] Processing 16-667... ✓ (basic)
  [652/962] Processing 16-675... ✓ (basic)
  [653/962] Processing 16-682... ✓ (basic)
  [654/962] Processing 16-714... ✓ (basic)
  [655/962] Processing 16-715... ✓ (basic)
  [656/962] Processing 16-726... ✓ (basic)
  [657/962] Processing 16-730... ✓ (basic)
  [658/962] Processing 16-735... ✓ (basic)
  [659/962] Processing 16-737... ✓ (basic)
  [660/962] Processing 16-740... ✓ (basic)
  [661/962] Processing 16-741... ✓ (basic)
  [662/962] Processing 16-742... ✓ (basic)
  [663/962] Processing 16-745... ✓ (basic)
  [664/962] Processing 16-748... ✓ (basic)
  [665/962] Processing 16-761... ✓ (basic)
  [666/962] Processing 16-762... ✓ (basic)
  [667/962] Processing 16-765... ✓ (basic)
  [668/962] Processing 16-778... ✓ (basic)
  [669/962] Processing 16-782... ✓ (basic)
  [670/962] Processing 16-785... ✓ (basic)
  [671/962] Processing 16-791... ✓ (basic)
  [672/962] Processing 16-792... ✓ (basic)
  [673/962] Processing 16-823... ✓ (basic)
  [674/962] Processing 16-824... ✓ (basic)
  [675/962] Processing 16-722... ✓ (basic)
  [676/962] Processing 16-825... ✓ (basic)
  [677/962] Processing 16-831... ✓ (basic)
  [678/962] Processing 16-833... ✓ (basic)
  [679/962] Processing 16-845... ✓ (basic)
  [680/962] Processing 16-848... ✓ (basic)
  [681/962] Processing 16-855... ✓ (basic)
  [682/962] Processing 16-873... ✓ (basic)
  [683/962] Processing 16-874... ✓ (basic)
  [684/962] Processing 18-873... ✓ (basic)
  [685/962] Processing 16-878... ✓ (basic)
  [686/962] Processing 16-879... ✓ (basic)
  [687/962] Processing 16-880... ✓ (basic)
  [688/962] Processing 16-881... ✓ (basic)
  [689/962] Processing 16-884... ✓ (basic)
  [690/962] Processing 16-882... ✓ (basic)
  [691/962] Processing 16-883... ✓ (basic)
  [692/962] Processing 16-885... ✓ (basic)
  [693/962] Processing 16-886... ✓ (basic)
  [694/962] Processing 16-887... ✓ (basic)
  [695/962] Processing 16-888... ✓ (basic)
  [696/962] Processing 16-889... ✓ (basic)
  [697/962] Processing 16-890... ✓ (basic)
  [698/962] Processing 16-891... ✓ (basic)
  [699/962] Processing 16-892... ✓ (basic)
  [700/962] Processing 16-895... ✓ (basic)
  [701/962] Processing 16-901... ✓ (basic)
  [702/962] Processing 39-109... ✓ (basic)
  [703/962] Processing 39-135... ✓ (basic)
  [704/962] Processing 39-210... ✓ (basic)
  [705/962] Processing 39-220... ✓ (basic)
  [706/962] Processing 39-245... ✓ (basic)
  [707/962] Processing 39-250... ✓ (basic)
  [708/962] Processing 39-251... ✓ (basic)
  [709/962] Processing 39-310... ✓ (basic)
  [710/962] Processing 39-402... ✓ (basic)
  [711/962] Processing 39-447... ✓ (basic)
  [712/962] Processing 39-500... ✓ (basic)
  [713/962] Processing 39-601... ✓ (basic)
  [714/962] Processing 39-602... ✓ (basic)
  [715/962] Processing 39-603... ✓ (basic)
  [716/962] Processing 27-503... ✓ (basic)
  [717/962] Processing 27-765... ✓ (basic)
  [718/962] Processing 24-632... ✓ (basic)
  [719/962] Processing 39-605... ✓ (basic)
  [720/962] Processing 39-606... ✓ (basic)
  [721/962] Processing 39-647... ✓ (basic)
  [722/962] Processing 39-648... ✓ (basic)
  [723/962] Processing 66-003... ✓ (basic)
  [724/962] Processing 66-101... ✓ (basic)
  [725/962] Processing 66-106... ✓ (basic)
  [726/962] Processing 66-122... ✓ (basic)
  [727/962] Processing 66-123... ✓ (basic)
  [728/962] Processing 66-125... ✓ (basic)
  [729/962] Processing 66-126... ✓ (basic)
  [730/962] Processing 66-127... ✓ (basic)
  [731/962] Processing 66-128... ✓ (basic)
  [732/962] Processing 66-129... ✓ (basic)
  [733/962] Processing 66-131... ✓ (basic)
  [734/962] Processing 66-132... ✓ (basic)
  [735/962] Processing 66-133... ✓ (basic)
  [736/962] Processing 66-134... ✓ (basic)
  [737/962] Processing 66-135... ✓ (basic)
  [738/962] Processing 66-136... ✓ (basic)
  [739/962] Processing 66-137... ✓ (basic)
  [740/962] Processing 66-138... ✓ (basic)
  [741/962] Processing 66-139... ✓ (basic)
  [742/962] Processing 66-140... ✓ (basic)
  [743/962] Processing 66-141... ✓ (basic)
  [744/962] Processing 66-142... ✓ (basic)
  [745/962] Processing 66-143... ✓ (basic)
  [746/962] Processing 66-144... ✓ (basic)
  [747/962] Processing 66-145... ✓ (basic)
  [748/962] Processing 66-146... ✓ (basic)
  [749/962] Processing 66-147... ✓ (basic)
  [750/962] Processing 66-148... ✓ (basic)
  [751/962] Processing 66-151... ✓ (basic)
  [752/962] Processing 66-152... ✓ (basic)
  [753/962] Processing 66-181... ✓ (basic)
  [754/962] Processing 66-182... ✓ (basic)
  [755/962] Processing 66-195... ✓ (basic)
  [756/962] Processing 66-204... ✓ (basic)
  [757/962] Processing 66-215... ✓ (basic)
  [758/962] Processing 66-216... ✓ (basic)
  [759/962] Processing 66-221... ✓ (basic)
  [760/962] Processing 66-225... ✓ (basic)
  [761/962] Processing 66-226... ✓ (basic)
  [762/962] Processing 66-236... ✓ (basic)
  [763/962] Processing 66-300... ✓ (basic)
  [764/962] Processing 66-307... ✓ (basic)
  [765/962] Processing 66-310... ✓ (basic)
  [766/962] Processing 66-320... ✓ (basic)
  [767/962] Processing 66-400... ✓ (basic)
  [768/962] Processing 66-402... ✓ (basic)
  [769/962] Processing 66-403... ✓ (basic)
  [770/962] Processing 66-501... ✓ (basic)
  [771/962] Processing 66-502... ✓ (basic)
  [772/962] Processing 66-503... ✓ (basic)
  [773/962] Processing 66-504... ✓ (basic)
  [774/962] Processing 66-505... ✓ (basic)
  [775/962] Processing 66-506... ✓ (basic)
  [776/962] Processing 65-198... ✓ (basic)
  [777/962] Processing 65-200... ✓ (basic)
  [778/962] Processing 65-201... ✓ (basic)
  [779/962] Processing 65-102... ✓ (basic)
  [780/962] Processing 65-203... ✓ (basic)
  [781/962] Processing 38-100... ✓ (basic)
  [782/962] Processing 38-101... ✓ (basic)
  [783/962] Processing 38-110... ✓ (basic)
  [784/962] Processing 38-132... ✓ (basic)
  [785/962] Processing 38-220... ✓ (basic)
  [786/962] Processing 38-230... ✓ (basic)
  [787/962] Processing 38-301... ✓ (basic)
  [788/962] Processing 38-304... ✓ (basic)
  [789/962] Processing 38-330... ✓ (basic)
  [790/962] Processing 38-402... ✓ (basic)
  [791/962] Processing 38-430... ✓ (basic)
  [792/962] Processing 38-701... ✓ (basic)
  [793/962] Processing 62-002... ✓ (basic)
  [794/962] Processing 62-106... ✓ (basic)
  [795/962] Processing 62-122... ✓ (basic)
  [796/962] Processing 62-138... ✓ (basic)
  [797/962] Processing 62-139... ✓ (basic)
  [798/962] Processing 62-140... ✓ (basic)
  [799/962] Processing 62-141... ✓ (basic)
  [800/962] Processing 62-142... ✓ (basic)
  [801/962] Processing 62-207... ✓ (basic)
  [802/962] Processing 62-232... ✓ (basic)
  [803/962] Processing 62-241... ✓ (basic)
  [804/962] Processing 60-141... ✓ (basic)
  [805/962] Processing 62-245... ✓ (basic)
  [806/962] Processing 62-247... ✓ (basic)
  [807/962] Processing 62-279... ✓ (basic)
  [808/962] Processing 62-314... ✓ (basic)
  [809/962] Processing 62-315... ✓ (basic)
  [810/962] Processing 62-343... ✓ (basic)
  [811/962] Processing 60-142... ✓ (basic)
  [812/962] Processing 62-347... ✓ (basic)
  [813/962] Processing 62-360... ✓ (basic)
  [814/962] Processing 62-362... ✓ (basic)
  [815/962] Processing 62-371... ✓ (basic)
  [816/962] Processing 62-423... ✓ (basic)
  [817/962] Processing 62-450... ✓ (basic)
  [818/962] Processing 62-459... ✓ (basic)
  [819/962] Processing 62-478... ✓ (basic)
  [820/962] Processing 94-416... ✓ (basic)
  [821/962] Processing 94-217... ✓ (basic)
  [822/962] Processing 94-433... ✓ (basic)
  [823/962] Processing 94-431... ✓ (basic)
  [824/962] Processing 90-440... ✓ (basic)
  [825/962] Processing 94-489... ✓ (basic)
  [826/962] Processing 73-102... ✓ (basic)
  [827/962] Processing 79-330... ✓ (basic)
  [828/962] Processing 90-436... ✓ (basic)
  [829/962] Processing 90-472... ✓ (basic)
  [830/962] Processing 94-409... ✓ (basic)
  [831/962] Processing 73-328... ✓ (basic)
  [832/962] Processing 90-832... ✓ (basic)
  [833/962] Processing 90-433... ✓ (basic)
  [834/962] Processing 90-834... ✓ (basic)
  [835/962] Processing 80-245... ✓ (basic)
  [836/962] Processing 76-494... ✓ (basic)
  [837/962] Processing 88-365... ✓ (basic)
  [838/962] Processing 42-444... ✓ (basic)
  [839/962] Processing 90-882... ✓ (basic)
  [840/962] Processing 94-216... ✓ (basic)
  [841/962] Processing 94-401... ✓ (basic)
  [842/962] Processing 94-402... ✓ (basic)
  [843/962] Processing 94-403... ✓ (basic)
  [844/962] Processing 94-408... ✓ (basic)
  [845/962] Processing 36-200... ✓ (basic)
  [846/962] Processing 67-262... ✓ (basic)
  [847/962] Processing 94-410... ✓ (basic)
  [848/962] Processing 94-411... ✓ (basic)
  [849/962] Processing 94-413... ✓ (basic)
  [850/962] Processing 94-423... ✓ (basic)
  [851/962] Processing 94-426... ✓ (basic)
  [852/962] Processing 90-711... ✓ (basic)
  [853/962] Processing 90-786... ✓ (basic)
  [854/962] Processing 95-796... ✓ (basic)
  [855/962] Processing 94-432... ✓ (basic)
  [856/962] Processing 94-440... ✓ (basic)
  [857/962] Processing 94-441... ✓ (basic)
  [858/962] Processing 94-443... ✓ (basic)
  [859/962] Processing 94-454... ✓ (basic)
  [860/962] Processing 94-470... ✓ (basic)
  [861/962] Processing 94-475... ✓ (basic)
  [862/962] Processing 95-865... ✓ (basic)
  [863/962] Processing 94-775... ✓ (basic)
  [864/962] Processing 94-483... ✓ (basic)
  [865/962] Processing 94-485... ✓ (basic)
  [866/962] Processing 94-486... ✓ (basic)
  [867/962] Processing 94-490... ✓ (basic)
  [868/962] Processing 94-491... ✓ (basic)
  [869/962] Processing 94-891... ✓ (basic)
  [870/962] Processing 94-700... ✓ (basic)
  [871/962] Processing 94-701... ✓ (basic)
  [872/962] Processing 94-702... ✓ (basic)
  [873/962] Processing 94-705... ✓ (basic)
  [874/962] Processing 94-706... ✓ (basic)
  [875/962] Processing 94-806... ✓ (basic)
  [876/962] Processing 94-848... ✓ (basic)
  [877/962] Processing 94-852... ✓ (basic)
  [878/962] Processing 95-401... ✓ (basic)
  [879/962] Processing 95-408... ✓ (basic)
  [880/962] Processing 95-410... ✓ (basic)
  [881/962] Processing 95-411... ✓ (basic)
  [882/962] Processing 95-421... ✓ (basic)
  [883/962] Processing 95-821... ✓ (basic)
  [884/962] Processing 95-422... ✓ (basic)
  [885/962] Processing 95-433... ✓ (basic)
  [886/962] Processing 95-443... ✓ (basic)
  [887/962] Processing 95-444... ✓ (basic)
  [888/962] Processing 95-451... ✓ (basic)
  [889/962] Processing 95-452... ✓ (basic)
  [890/962] Processing 95-455... ✓ (basic)
  [891/962] Processing 95-755... ✓ (basic)
  [892/962] Processing 95-466... ✓ (basic)
  [893/962] Processing 95-475... ✓ (basic)
  [894/962] Processing 95-481... ✓ (basic)
  [895/962] Processing 95-881... ✓ (basic)
  [896/962] Processing 95-482... ✓ (basic)
  [897/962] Processing 95-882... ✓ (basic)
  [898/962] Processing 95-483... ✓ (basic)
  [899/962] Processing 95-499... ✓ (basic)
  [900/962] Processing 95-702... ✓ (basic)
  [901/962] Processing 95-712... ✓ (basic)
  [902/962] Processing 17-681... ✓ (basic)
  [903/962] Processing 17-683... ✓ (basic)
  [904/962] Processing 95-717... ✓ (basic)
  [905/962] Processing 95-718... ✓ (basic)
  [906/962] Processing 95-752... ✓ (basic)
  [907/962] Processing 95-876... ✓ (basic)
  [908/962] Processing 90-401... ✓ (basic)
  [909/962] Processing 90-403... ✓ (basic)
  [910/962] Processing 90-404... ✓ (basic)
  [911/962] Processing 90-427... ✓ (basic)
  [912/962] Processing 90-434... ✓ (basic)
  [913/962] Processing 90-728... ✓ (basic)
  [914/962] Processing 91-802... ✓ (basic)
  [915/962] Processing 90-838... ✓ (basic)
  [916/962] Processing 90-435... ✓ (basic)
  [917/962] Processing 90-736... ✓ (basic)
  [918/962] Processing 90-774... ✓ (basic)
  [919/962] Processing 90-474... ✓ (basic)
  [920/962] Processing 90-817... ✓ (basic)
  [921/962] Processing 90-442... ✓ (basic)
  [922/962] Processing 90-443... ✓ (basic)
  [923/962] Processing 90-445... ✓ (basic)
  [924/962] Processing 90-446... ✓ (basic)
  [925/962] Processing 90-449... ✓ (basic)
  [926/962] Processing 90-754... ✓ (basic)
  [927/962] Processing 90-457... ✓ (basic)
  [928/962] Processing 90-463... ✓ (basic)
  [929/962] Processing 90-475... ✓ (basic)
  [930/962] Processing 90-489... ✓ (basic)
  [931/962] Processing 90-789... ✓ (basic)
  [932/962] Processing 90-717... ✓ (basic)
  [933/962] Processing 90-721... ✓ (basic)
  [934/962] Processing 90-723... ✓ (basic)
  [935/962] Processing 90-758... ✓ (basic)
  [936/962] Processing 90-765... ✓ (basic)
  [937/962] Processing 90-798... ✓ (basic)
  [938/962] Processing 90-808... ✓ (basic)
  [939/962] Processing 90-813... ✓ (basic)
  [940/962] Processing 90-818... ✓ (basic)
  [941/962] Processing 90-831... ✓ (basic)
  [942/962] Processing 90-833... ✓ (basic)
  [943/962] Processing 90-836... ✓ (basic)
  [944/962] Processing 90-847... ✓ (basic)
  [945/962] Processing 90-861... ✓ (basic)
  [946/962] Processing 90-863... ✓ (basic)
  [947/962] Processing 99-101... ✓ (basic)
  [948/962] Processing 70-106... ✓ (basic)
  [949/962] Processing 70-104... ✓ (basic)
  [950/962] Processing 70-204... ✓ (basic)
  [951/962] Processing 70-304... ✓ (basic)
  [952/962] Processing 70-401... ✓ (basic)
  [953/962] Processing 70-257... ✓ (basic)
  [954/962] Processing 21-257... ✓ (basic)
  [955/962] Processing 21-292... ✓ (basic)
  [956/962] Processing 73-104... ✓ (basic)
  [957/962] Processing 70-122... ✓ (basic)
  [958/962] Processing 70-371... ✓ (basic)
  [959/962] Processing 70-381... ✓ (basic)
  [960/962] Processing 70-391... ✓ (basic)
  [961/962] Processing 70-100... ✓ (basic)
  [962/962] Processing 73-103... ✓ (basic)

✓ Successfully processed 962 courses
  • 2 with full details (CS dept)
  • 960 with basic info (other depts)
✓ Saved 962 courses to data/courses.json

================================================================================
✓ Successfully fetched and saved ALL 962 CMU courses!
================================================================================
